{"C:\\Users\\Nova\\Documents\\company\\src\\components\\GreetingsWrapper\\index.jsx": {"path":"C:\\Users\\Nova\\Documents\\company\\src\\components\\GreetingsWrapper\\index.jsx","statementMap":{"0":{"start":{"line":6,"column":25},"end":{"line":24,"column":1}},"1":{"start":{"line":8,"column":20},"end":{"line":8,"column":31}},"2":{"start":{"line":10,"column":4},"end":{"line":23,"column":5}}},"fnMap":{"0":{"name":"(anonymous_0)","decl":{"start":{"line":6,"column":25},"end":{"line":6,"column":26}},"loc":{"start":{"line":6,"column":31},"end":{"line":24,"column":1}},"line":6}},"branchMap":{},"s":{"0":3,"1":7,"2":7},"f":{"0":7},"b":{},"_coverageSchema":"1a1c01bbd47fc00a2c39e90264f33305004495a9","hash":"47a76072b96dba1d96657f25821bb6f62dbefe7d"}
,"C:\\Users\\Nova\\Documents\\company\\src\\components\\GreetingsWrapper\\style.js": {"path":"C:\\Users\\Nova\\Documents\\company\\src\\components\\GreetingsWrapper\\style.js","statementMap":{"0":{"start":{"line":3,"column":18},"end":{"line":44,"column":3}},"1":{"start":{"line":3,"column":41},"end":{"line":44,"column":1}}},"fnMap":{"0":{"name":"(anonymous_0)","decl":{"start":{"line":3,"column":29},"end":{"line":3,"column":30}},"loc":{"start":{"line":3,"column":41},"end":{"line":44,"column":1}},"line":3}},"branchMap":{},"s":{"0":3,"1":7},"f":{"0":7},"b":{},"_coverageSchema":"1a1c01bbd47fc00a2c39e90264f33305004495a9","hash":"be78475469f9dbc11f4bae85afa859c4148e218c"}
,"C:\\Users\\Nova\\Documents\\company\\src\\components\\LoginForm\\index.jsx": {"path":"C:\\Users\\Nova\\Documents\\company\\src\\components\\LoginForm\\index.jsx","statementMap":{"0":{"start":{"line":13,"column":18},"end":{"line":66,"column":1}},"1":{"start":{"line":14,"column":21},"end":{"line":14,"column":71}},"2":{"start":{"line":15,"column":21},"end":{"line":15,"column":34}},"3":{"start":{"line":17,"column":61},"end":{"line":19,"column":6}},"4":{"start":{"line":21,"column":21},"end":{"line":29,"column":5}},"5":{"start":{"line":22,"column":19},"end":{"line":22,"column":101}},"6":{"start":{"line":22,"column":40},"end":{"line":22,"column":100}},"7":{"start":{"line":24,"column":8},"end":{"line":28,"column":9}},"8":{"start":{"line":25,"column":12},"end":{"line":25,"column":46}},"9":{"start":{"line":27,"column":12},"end":{"line":27,"column":37}},"10":{"start":{"line":31,"column":20},"end":{"line":31,"column":31}},"11":{"start":{"line":33,"column":4},"end":{"line":65,"column":5}},"12":{"start":{"line":40,"column":16},"end":{"line":48,"column":18}},"13":{"start":{"line":56,"column":20},"end":{"line":56,"column":77}}},"fnMap":{"0":{"name":"(anonymous_0)","decl":{"start":{"line":13,"column":18},"end":{"line":13,"column":19}},"loc":{"start":{"line":13,"column":24},"end":{"line":66,"column":1}},"line":13},"1":{"name":"(anonymous_1)","decl":{"start":{"line":21,"column":21},"end":{"line":21,"column":22}},"loc":{"start":{"line":21,"column":31},"end":{"line":29,"column":5}},"line":21},"2":{"name":"(anonymous_2)","decl":{"start":{"line":22,"column":33},"end":{"line":22,"column":34}},"loc":{"start":{"line":22,"column":40},"end":{"line":22,"column":100}},"line":22},"3":{"name":"(anonymous_3)","decl":{"start":{"line":39,"column":24},"end":{"line":39,"column":25}},"loc":{"start":{"line":40,"column":16},"end":{"line":48,"column":18}},"line":40},"4":{"name":"(anonymous_4)","decl":{"start":{"line":55,"column":24},"end":{"line":55,"column":25}},"loc":{"start":{"line":56,"column":20},"end":{"line":56,"column":77}},"line":56}},"branchMap":{"0":{"loc":{"start":{"line":14,"column":21},"end":{"line":14,"column":71}},"type":"binary-expr","locations":[{"start":{"line":14,"column":21},"end":{"line":14,"column":65}},{"start":{"line":14,"column":69},"end":{"line":14,"column":71}}],"line":14},"1":{"loc":{"start":{"line":22,"column":40},"end":{"line":22,"column":100}},"type":"binary-expr","locations":[{"start":{"line":22,"column":40},"end":{"line":22,"column":66}},{"start":{"line":22,"column":70},"end":{"line":22,"column":100}}],"line":22},"2":{"loc":{"start":{"line":24,"column":8},"end":{"line":28,"column":9}},"type":"if","locations":[{"start":{"line":24,"column":8},"end":{"line":28,"column":9}},{"start":{"line":26,"column":15},"end":{"line":28,"column":9}}],"line":24},"3":{"loc":{"start":{"line":46,"column":32},"end":{"line":46,"column":70}},"type":"cond-expr","locations":[{"start":{"line":46,"column":46},"end":{"line":46,"column":65}},{"start":{"line":46,"column":68},"end":{"line":46,"column":70}}],"line":46}},"s":{"0":3,"1":10,"2":10,"3":7,"4":7,"5":0,"6":0,"7":0,"8":0,"9":0,"10":7,"11":7,"12":7,"13":7},"f":{"0":10,"1":0,"2":0,"3":7,"4":7},"b":{"0":[10,10],"1":[0,0],"2":[0,0],"3":[0,7]},"_coverageSchema":"1a1c01bbd47fc00a2c39e90264f33305004495a9","hash":"30bf04713636d4db71d1ae3fe953e267487fa449"}
,"C:\\Users\\Nova\\Documents\\company\\src\\components\\LoginForm\\schema.js": {"path":"C:\\Users\\Nova\\Documents\\company\\src\\components\\LoginForm\\schema.js","statementMap":{"0":{"start":{"line":3,"column":15},"end":{"line":6,"column":2}}},"fnMap":{},"branchMap":{},"s":{"0":3},"f":{},"b":{},"_coverageSchema":"1a1c01bbd47fc00a2c39e90264f33305004495a9","hash":"bfe3b1f9713548ef51de44649144d0e94354223a"}
,"C:\\Users\\Nova\\Documents\\company\\src\\components\\LoginForm\\style.js": {"path":"C:\\Users\\Nova\\Documents\\company\\src\\components\\LoginForm\\style.js","statementMap":{"0":{"start":{"line":3,"column":18},"end":{"line":14,"column":2}}},"fnMap":{},"branchMap":{},"s":{"0":3},"f":{},"b":{},"_coverageSchema":"1a1c01bbd47fc00a2c39e90264f33305004495a9","hash":"9f02f8e639369a6f99d4d1a46d1bcca10d65b538"}
,"C:\\Users\\Nova\\Documents\\company\\src\\components\\LoginWrapper\\index.jsx": {"path":"C:\\Users\\Nova\\Documents\\company\\src\\components\\LoginWrapper\\index.jsx","statementMap":{"0":{"start":{"line":5,"column":21},"end":{"line":19,"column":1}},"1":{"start":{"line":6,"column":20},"end":{"line":6,"column":31}},"2":{"start":{"line":8,"column":4},"end":{"line":18,"column":5}}},"fnMap":{"0":{"name":"(anonymous_0)","decl":{"start":{"line":5,"column":21},"end":{"line":5,"column":22}},"loc":{"start":{"line":5,"column":27},"end":{"line":19,"column":1}},"line":5}},"branchMap":{},"s":{"0":2,"1":7,"2":5},"f":{"0":7},"b":{},"_coverageSchema":"1a1c01bbd47fc00a2c39e90264f33305004495a9","hash":"e95ac5f471f5f40dc3de7c74ab3b34cc998ee220"}
,"C:\\Users\\Nova\\Documents\\company\\src\\components\\LoginWrapper\\style.js": {"path":"C:\\Users\\Nova\\Documents\\company\\src\\components\\LoginWrapper\\style.js","statementMap":{"0":{"start":{"line":3,"column":18},"end":{"line":29,"column":3}},"1":{"start":{"line":3,"column":41},"end":{"line":29,"column":1}}},"fnMap":{"0":{"name":"(anonymous_0)","decl":{"start":{"line":3,"column":29},"end":{"line":3,"column":30}},"loc":{"start":{"line":3,"column":41},"end":{"line":29,"column":1}},"line":3}},"branchMap":{},"s":{"0":2,"1":5},"f":{"0":5},"b":{},"_coverageSchema":"1a1c01bbd47fc00a2c39e90264f33305004495a9","hash":"62cf81c8bfda46bf22d169adec66aeabf29ed796"}
,"C:\\Users\\Nova\\Documents\\company\\src\\components\\Navbar\\Navbar.jsx": {"path":"C:\\Users\\Nova\\Documents\\company\\src\\components\\Navbar\\Navbar.jsx","statementMap":{"0":{"start":{"line":5,"column":15},"end":{"line":17,"column":1}},"1":{"start":{"line":6,"column":20},"end":{"line":6,"column":31}},"2":{"start":{"line":8,"column":4},"end":{"line":16,"column":5}}},"fnMap":{"0":{"name":"(anonymous_0)","decl":{"start":{"line":5,"column":15},"end":{"line":5,"column":16}},"loc":{"start":{"line":5,"column":30},"end":{"line":17,"column":1}},"line":5}},"branchMap":{},"s":{"0":2,"1":4,"2":4},"f":{"0":4},"b":{},"_coverageSchema":"1a1c01bbd47fc00a2c39e90264f33305004495a9","hash":"dd0e7f3658cef47433d6dbb95330397ed5177ccb"}
,"C:\\Users\\Nova\\Documents\\company\\src\\components\\Navbar\\style.js": {"path":"C:\\Users\\Nova\\Documents\\company\\src\\components\\Navbar\\style.js","statementMap":{"0":{"start":{"line":3,"column":18},"end":{"line":35,"column":3}},"1":{"start":{"line":3,"column":41},"end":{"line":35,"column":1}}},"fnMap":{"0":{"name":"(anonymous_0)","decl":{"start":{"line":3,"column":29},"end":{"line":3,"column":30}},"loc":{"start":{"line":3,"column":41},"end":{"line":35,"column":1}},"line":3}},"branchMap":{},"s":{"0":2,"1":3},"f":{"0":3},"b":{},"_coverageSchema":"1a1c01bbd47fc00a2c39e90264f33305004495a9","hash":"fbc7e52c9734466552ff84a0134b81c3b365f974"}
,"C:\\Users\\Nova\\Documents\\company\\src\\components\\PasswordField\\PasswordField.jsx": {"path":"C:\\Users\\Nova\\Documents\\company\\src\\components\\PasswordField\\PasswordField.jsx","statementMap":{"0":{"start":{"line":5,"column":22},"end":{"line":43,"column":1}},"1":{"start":{"line":6,"column":42},"end":{"line":6,"column":57}},"2":{"start":{"line":8,"column":34},"end":{"line":10,"column":3}},"3":{"start":{"line":9,"column":4},"end":{"line":9,"column":35}},"4":{"start":{"line":12,"column":34},"end":{"line":14,"column":3}},"5":{"start":{"line":13,"column":4},"end":{"line":13,"column":27}},"6":{"start":{"line":16,"column":2},"end":{"line":42,"column":4}}},"fnMap":{"0":{"name":"(anonymous_0)","decl":{"start":{"line":5,"column":22},"end":{"line":5,"column":23}},"loc":{"start":{"line":5,"column":59},"end":{"line":43,"column":1}},"line":5},"1":{"name":"(anonymous_1)","decl":{"start":{"line":8,"column":34},"end":{"line":8,"column":35}},"loc":{"start":{"line":8,"column":40},"end":{"line":10,"column":3}},"line":8},"2":{"name":"(anonymous_2)","decl":{"start":{"line":12,"column":34},"end":{"line":12,"column":35}},"loc":{"start":{"line":12,"column":45},"end":{"line":14,"column":3}},"line":12}},"branchMap":{"0":{"loc":{"start":{"line":5,"column":31},"end":{"line":5,"column":42}},"type":"default-arg","locations":[{"start":{"line":5,"column":40},"end":{"line":5,"column":42}}],"line":5},"1":{"loc":{"start":{"line":21,"column":12},"end":{"line":21,"column":46}},"type":"cond-expr","locations":[{"start":{"line":21,"column":27},"end":{"line":21,"column":33}},{"start":{"line":21,"column":36},"end":{"line":21,"column":46}}],"line":21},"2":{"loc":{"start":{"line":23,"column":18},"end":{"line":23,"column":71}},"type":"cond-expr","locations":[{"start":{"line":23,"column":39},"end":{"line":23,"column":66}},{"start":{"line":23,"column":69},"end":{"line":23,"column":71}}],"line":23},"3":{"loc":{"start":{"line":36,"column":15},"end":{"line":36,"column":64}},"type":"cond-expr","locations":[{"start":{"line":36,"column":30},"end":{"line":36,"column":47}},{"start":{"line":36,"column":50},"end":{"line":36,"column":64}}],"line":36}},"s":{"0":7,"1":38,"2":38,"3":1,"4":38,"5":1,"6":38},"f":{"0":38,"1":1,"2":1},"b":{"0":[3],"1":[1,37],"2":[2,36],"3":[1,37]},"_coverageSchema":"1a1c01bbd47fc00a2c39e90264f33305004495a9","hash":"2d3eed05527396bfcea5a59a929acfdeea1f8b91"}
,"C:\\Users\\Nova\\Documents\\company\\src\\components\\Post\\index.jsx": {"path":"C:\\Users\\Nova\\Documents\\company\\src\\components\\Post\\index.jsx","statementMap":{"0":{"start":{"line":5,"column":13},"end":{"line":20,"column":1}},"1":{"start":{"line":7,"column":20},"end":{"line":7,"column":31}},"2":{"start":{"line":9,"column":4},"end":{"line":19,"column":5}}},"fnMap":{"0":{"name":"(anonymous_0)","decl":{"start":{"line":5,"column":13},"end":{"line":5,"column":14}},"loc":{"start":{"line":5,"column":69},"end":{"line":20,"column":1}},"line":5}},"branchMap":{},"s":{"0":2,"1":6,"2":6},"f":{"0":6},"b":{},"_coverageSchema":"1a1c01bbd47fc00a2c39e90264f33305004495a9","hash":"1ae58081c7c62b73c7e815d6965ccb208730b11c"}
,"C:\\Users\\Nova\\Documents\\company\\src\\components\\Post\\style.js": {"path":"C:\\Users\\Nova\\Documents\\company\\src\\components\\Post\\style.js","statementMap":{"0":{"start":{"line":3,"column":18},"end":{"line":94,"column":3}},"1":{"start":{"line":3,"column":41},"end":{"line":94,"column":1}}},"fnMap":{"0":{"name":"(anonymous_0)","decl":{"start":{"line":3,"column":29},"end":{"line":3,"column":30}},"loc":{"start":{"line":3,"column":41},"end":{"line":94,"column":1}},"line":3}},"branchMap":{},"s":{"0":2,"1":5},"f":{"0":5},"b":{},"_coverageSchema":"1a1c01bbd47fc00a2c39e90264f33305004495a9","hash":"f8bff4a43732c16f0e3c6e954ad533a657ab32fd"}
,"C:\\Users\\Nova\\Documents\\company\\src\\components\\RegisterForm\\index.jsx": {"path":"C:\\Users\\Nova\\Documents\\company\\src\\components\\RegisterForm\\index.jsx","statementMap":{"0":{"start":{"line":15,"column":21},"end":{"line":122,"column":1}},"1":{"start":{"line":16,"column":20},"end":{"line":16,"column":31}},"2":{"start":{"line":18,"column":21},"end":{"line":18,"column":71}},"3":{"start":{"line":20,"column":61},"end":{"line":22,"column":6}},"4":{"start":{"line":24,"column":21},"end":{"line":31,"column":5}},"5":{"start":{"line":27,"column":28},"end":{"line":27,"column":47}},"6":{"start":{"line":28,"column":8},"end":{"line":28,"column":70}},"7":{"start":{"line":30,"column":8},"end":{"line":30,"column":21}},"8":{"start":{"line":33,"column":4},"end":{"line":121,"column":5}},"9":{"start":{"line":41,"column":20},"end":{"line":55,"column":22}},"10":{"start":{"line":63,"column":20},"end":{"line":72,"column":22}},"11":{"start":{"line":83,"column":20},"end":{"line":91,"column":22}},"12":{"start":{"line":100,"column":24},"end":{"line":100,"column":96}},"13":{"start":{"line":109,"column":24},"end":{"line":109,"column":104}}},"fnMap":{"0":{"name":"(anonymous_0)","decl":{"start":{"line":15,"column":21},"end":{"line":15,"column":22}},"loc":{"start":{"line":15,"column":41},"end":{"line":122,"column":1}},"line":15},"1":{"name":"(anonymous_1)","decl":{"start":{"line":24,"column":21},"end":{"line":24,"column":22}},"loc":{"start":{"line":24,"column":31},"end":{"line":31,"column":5}},"line":24},"2":{"name":"(anonymous_2)","decl":{"start":{"line":40,"column":28},"end":{"line":40,"column":29}},"loc":{"start":{"line":41,"column":20},"end":{"line":55,"column":22}},"line":41},"3":{"name":"(anonymous_3)","decl":{"start":{"line":62,"column":28},"end":{"line":62,"column":29}},"loc":{"start":{"line":63,"column":20},"end":{"line":72,"column":22}},"line":63},"4":{"name":"(anonymous_4)","decl":{"start":{"line":82,"column":28},"end":{"line":82,"column":29}},"loc":{"start":{"line":83,"column":20},"end":{"line":91,"column":22}},"line":83},"5":{"name":"(anonymous_5)","decl":{"start":{"line":99,"column":28},"end":{"line":99,"column":29}},"loc":{"start":{"line":100,"column":24},"end":{"line":100,"column":96}},"line":100},"6":{"name":"(anonymous_6)","decl":{"start":{"line":108,"column":28},"end":{"line":108,"column":29}},"loc":{"start":{"line":109,"column":24},"end":{"line":109,"column":104}},"line":109}},"branchMap":{"0":{"loc":{"start":{"line":18,"column":21},"end":{"line":18,"column":71}},"type":"binary-expr","locations":[{"start":{"line":18,"column":21},"end":{"line":18,"column":65}},{"start":{"line":18,"column":69},"end":{"line":18,"column":71}}],"line":18},"1":{"loc":{"start":{"line":47,"column":36},"end":{"line":47,"column":82}},"type":"cond-expr","locations":[{"start":{"line":47,"column":54},"end":{"line":47,"column":77}},{"start":{"line":47,"column":80},"end":{"line":47,"column":82}}],"line":47},"2":{"loc":{"start":{"line":69,"column":36},"end":{"line":69,"column":82}},"type":"cond-expr","locations":[{"start":{"line":69,"column":54},"end":{"line":69,"column":77}},{"start":{"line":69,"column":80},"end":{"line":69,"column":82}}],"line":69},"3":{"loc":{"start":{"line":89,"column":36},"end":{"line":89,"column":76}},"type":"cond-expr","locations":[{"start":{"line":89,"column":51},"end":{"line":89,"column":71}},{"start":{"line":89,"column":74},"end":{"line":89,"column":76}}],"line":89}},"s":{"0":3,"1":7,"2":7,"3":7,"4":7,"5":0,"6":0,"7":0,"8":7,"9":11,"10":11,"11":23,"12":14,"13":14},"f":{"0":7,"1":0,"2":11,"3":11,"4":23,"5":14,"6":14},"b":{"0":[7,7],"1":[1,10],"2":[0,11],"3":[1,22]},"_coverageSchema":"1a1c01bbd47fc00a2c39e90264f33305004495a9","hash":"8e927765a1497273372e3871d06119dccab51a4d"}
,"C:\\Users\\Nova\\Documents\\company\\src\\components\\RegisterForm\\schema.js": {"path":"C:\\Users\\Nova\\Documents\\company\\src\\components\\RegisterForm\\schema.js","statementMap":{"0":{"start":{"line":3,"column":15},"end":{"line":9,"column":2}}},"fnMap":{},"branchMap":{},"s":{"0":3},"f":{},"b":{},"_coverageSchema":"1a1c01bbd47fc00a2c39e90264f33305004495a9","hash":"0040d9a664e83aabecfe4cf9b43df33296803f0d"}
,"C:\\Users\\Nova\\Documents\\company\\src\\components\\RegisterForm\\style.js": {"path":"C:\\Users\\Nova\\Documents\\company\\src\\components\\RegisterForm\\style.js","statementMap":{"0":{"start":{"line":3,"column":18},"end":{"line":28,"column":2}}},"fnMap":{},"branchMap":{},"s":{"0":3},"f":{},"b":{},"_coverageSchema":"1a1c01bbd47fc00a2c39e90264f33305004495a9","hash":"42133da0de97bec6104375c5808b4add4d6ef6d9"}
,"C:\\Users\\Nova\\Documents\\company\\src\\components\\RegisterWrapper\\index.jsx": {"path":"C:\\Users\\Nova\\Documents\\company\\src\\components\\RegisterWrapper\\index.jsx","statementMap":{"0":{"start":{"line":10,"column":24},"end":{"line":42,"column":1}},"1":{"start":{"line":12,"column":36},"end":{"line":12,"column":51}},"2":{"start":{"line":13,"column":20},"end":{"line":13,"column":31}},"3":{"start":{"line":14,"column":21},"end":{"line":14,"column":34}},"4":{"start":{"line":16,"column":24},"end":{"line":18,"column":5}},"5":{"start":{"line":17,"column":8},"end":{"line":17,"column":27}},"6":{"start":{"line":20,"column":27},"end":{"line":22,"column":5}},"7":{"start":{"line":21,"column":8},"end":{"line":21,"column":26}},"8":{"start":{"line":24,"column":4},"end":{"line":41,"column":5}}},"fnMap":{"0":{"name":"(anonymous_0)","decl":{"start":{"line":10,"column":24},"end":{"line":10,"column":25}},"loc":{"start":{"line":10,"column":30},"end":{"line":42,"column":1}},"line":10},"1":{"name":"(anonymous_1)","decl":{"start":{"line":16,"column":24},"end":{"line":16,"column":25}},"loc":{"start":{"line":16,"column":30},"end":{"line":18,"column":5}},"line":16},"2":{"name":"(anonymous_2)","decl":{"start":{"line":20,"column":27},"end":{"line":20,"column":28}},"loc":{"start":{"line":20,"column":33},"end":{"line":22,"column":5}},"line":20}},"branchMap":{"0":{"loc":{"start":{"line":26,"column":65},"end":{"line":26,"column":92}},"type":"cond-expr","locations":[{"start":{"line":26,"column":76},"end":{"line":26,"column":82}},{"start":{"line":26,"column":85},"end":{"line":26,"column":92}}],"line":26},"1":{"loc":{"start":{"line":31,"column":17},"end":{"line":31,"column":67}},"type":"binary-expr","locations":[{"start":{"line":31,"column":17},"end":{"line":31,"column":25}},{"start":{"line":31,"column":29},"end":{"line":31,"column":67}}],"line":31},"2":{"loc":{"start":{"line":35,"column":68},"end":{"line":35,"column":94}},"type":"cond-expr","locations":[{"start":{"line":35,"column":79},"end":{"line":35,"column":85}},{"start":{"line":35,"column":88},"end":{"line":35,"column":94}}],"line":35}},"s":{"0":2,"1":5,"2":3,"3":3,"4":3,"5":0,"6":3,"7":0,"8":3},"f":{"0":5,"1":0,"2":0},"b":{"0":[0,3],"1":[3,0],"2":[0,3]},"_coverageSchema":"1a1c01bbd47fc00a2c39e90264f33305004495a9","hash":"20fca1124334b8f134451ff11eb9a1035a84b2d1"}
,"C:\\Users\\Nova\\Documents\\company\\src\\components\\RegisterWrapper\\style.js": {"path":"C:\\Users\\Nova\\Documents\\company\\src\\components\\RegisterWrapper\\style.js","statementMap":{"0":{"start":{"line":3,"column":18},"end":{"line":40,"column":3}},"1":{"start":{"line":3,"column":41},"end":{"line":40,"column":1}}},"fnMap":{"0":{"name":"(anonymous_0)","decl":{"start":{"line":3,"column":29},"end":{"line":3,"column":30}},"loc":{"start":{"line":3,"column":41},"end":{"line":40,"column":1}},"line":3}},"branchMap":{},"s":{"0":2,"1":3},"f":{"0":3},"b":{},"_coverageSchema":"1a1c01bbd47fc00a2c39e90264f33305004495a9","hash":"f9b6ed2870ef4e73c377fc55aed28f42db74d084"}
,"C:\\Users\\Nova\\Documents\\company\\src\\pages\\Home\\index.jsx": {"path":"C:\\Users\\Nova\\Documents\\company\\src\\pages\\Home\\index.jsx","statementMap":{"0":{"start":{"line":8,"column":13},"end":{"line":43,"column":1}},"1":{"start":{"line":9,"column":20},"end":{"line":9,"column":31}},"2":{"start":{"line":10,"column":28},"end":{"line":10,"column":40}},"3":{"start":{"line":11,"column":20},"end":{"line":11,"column":33}},"4":{"start":{"line":13,"column":4},"end":{"line":21,"column":11}},"5":{"start":{"line":14,"column":8},"end":{"line":20,"column":15}},"6":{"start":{"line":16,"column":16},"end":{"line":16,"column":39}},"7":{"start":{"line":19,"column":16},"end":{"line":19,"column":61}},"8":{"start":{"line":23,"column":4},"end":{"line":23,"column":45}},"9":{"start":{"line":24,"column":4},"end":{"line":24,"column":21}},"10":{"start":{"line":25,"column":4},"end":{"line":42,"column":6}},"11":{"start":{"line":31,"column":20},"end":{"line":38,"column":22}}},"fnMap":{"0":{"name":"(anonymous_0)","decl":{"start":{"line":8,"column":13},"end":{"line":8,"column":14}},"loc":{"start":{"line":8,"column":19},"end":{"line":43,"column":1}},"line":8},"1":{"name":"(anonymous_1)","decl":{"start":{"line":13,"column":14},"end":{"line":13,"column":15}},"loc":{"start":{"line":13,"column":20},"end":{"line":21,"column":5}},"line":13},"2":{"name":"(anonymous_2)","decl":{"start":{"line":15,"column":18},"end":{"line":15,"column":19}},"loc":{"start":{"line":15,"column":30},"end":{"line":17,"column":13}},"line":15},"3":{"name":"(anonymous_3)","decl":{"start":{"line":18,"column":19},"end":{"line":18,"column":20}},"loc":{"start":{"line":18,"column":28},"end":{"line":20,"column":13}},"line":18},"4":{"name":"(anonymous_4)","decl":{"start":{"line":30,"column":26},"end":{"line":30,"column":27}},"loc":{"start":{"line":31,"column":20},"end":{"line":38,"column":22}},"line":31}},"branchMap":{},"s":{"0":1,"1":2,"2":2,"3":2,"4":2,"5":1,"6":1,"7":0,"8":2,"9":2,"10":2,"11":2},"f":{"0":2,"1":1,"2":1,"3":0,"4":2},"b":{},"_coverageSchema":"1a1c01bbd47fc00a2c39e90264f33305004495a9","hash":"ce485dc3ea20150769e34a3660fb7f730f2a124f"}
,"C:\\Users\\Nova\\Documents\\company\\src\\pages\\Home\\style.js": {"path":"C:\\Users\\Nova\\Documents\\company\\src\\pages\\Home\\style.js","statementMap":{"0":{"start":{"line":3,"column":18},"end":{"line":21,"column":3}},"1":{"start":{"line":3,"column":41},"end":{"line":21,"column":1}}},"fnMap":{"0":{"name":"(anonymous_0)","decl":{"start":{"line":3,"column":29},"end":{"line":3,"column":30}},"loc":{"start":{"line":3,"column":41},"end":{"line":21,"column":1}},"line":3}},"branchMap":{},"s":{"0":1,"1":1},"f":{"0":1},"b":{},"_coverageSchema":"1a1c01bbd47fc00a2c39e90264f33305004495a9","hash":"762b6e199361ca3b820a7062e9deb8694fc0bd98"}
,"C:\\Users\\Nova\\Documents\\company\\src\\pages\\Login\\index.jsx": {"path":"C:\\Users\\Nova\\Documents\\company\\src\\pages\\Login\\index.jsx","statementMap":{"0":{"start":{"line":10,"column":20},"end":{"line":10,"column":31}},"1":{"start":{"line":12,"column":4},"end":{"line":17,"column":5}}},"fnMap":{"0":{"name":"Login","decl":{"start":{"line":8,"column":9},"end":{"line":8,"column":14}},"loc":{"start":{"line":8,"column":17},"end":{"line":18,"column":1}},"line":8}},"branchMap":{},"s":{"0":3,"1":2},"f":{"0":3},"b":{},"_coverageSchema":"1a1c01bbd47fc00a2c39e90264f33305004495a9","hash":"a1f5cba360741acef606fbbb9de8c65b6b148a14"}
,"C:\\Users\\Nova\\Documents\\company\\src\\pages\\Login\\style.js": {"path":"C:\\Users\\Nova\\Documents\\company\\src\\pages\\Login\\style.js","statementMap":{"0":{"start":{"line":3,"column":18},"end":{"line":51,"column":3}},"1":{"start":{"line":3,"column":41},"end":{"line":51,"column":1}}},"fnMap":{"0":{"name":"(anonymous_0)","decl":{"start":{"line":3,"column":29},"end":{"line":3,"column":30}},"loc":{"start":{"line":3,"column":41},"end":{"line":51,"column":1}},"line":3}},"branchMap":{},"s":{"0":1,"1":2},"f":{"0":2},"b":{},"_coverageSchema":"1a1c01bbd47fc00a2c39e90264f33305004495a9","hash":"13a1f704845e3fad38fc3b16d8999a200e31d7f4"}
,"C:\\Users\\Nova\\Documents\\company\\src\\pages\\Register\\index.jsx": {"path":"C:\\Users\\Nova\\Documents\\company\\src\\pages\\Register\\index.jsx","statementMap":{"0":{"start":{"line":10,"column":20},"end":{"line":10,"column":31}},"1":{"start":{"line":12,"column":4},"end":{"line":17,"column":5}}},"fnMap":{"0":{"name":"Register","decl":{"start":{"line":8,"column":9},"end":{"line":8,"column":17}},"loc":{"start":{"line":8,"column":20},"end":{"line":18,"column":1}},"line":8}},"branchMap":{},"s":{"0":3,"1":2},"f":{"0":3},"b":{},"_coverageSchema":"1a1c01bbd47fc00a2c39e90264f33305004495a9","hash":"2f518abe85f6b9f26bdf94bec14ea427cbe10cd0"}
,"C:\\Users\\Nova\\Documents\\company\\src\\pages\\Register\\style.js": {"path":"C:\\Users\\Nova\\Documents\\company\\src\\pages\\Register\\style.js","statementMap":{"0":{"start":{"line":3,"column":18},"end":{"line":52,"column":3}},"1":{"start":{"line":3,"column":41},"end":{"line":52,"column":1}}},"fnMap":{"0":{"name":"(anonymous_0)","decl":{"start":{"line":3,"column":29},"end":{"line":3,"column":30}},"loc":{"start":{"line":3,"column":41},"end":{"line":52,"column":1}},"line":3}},"branchMap":{},"s":{"0":1,"1":2},"f":{"0":2},"b":{},"_coverageSchema":"1a1c01bbd47fc00a2c39e90264f33305004495a9","hash":"ecb1cb5c17b3358f7a2145a70e24673b37a23a32"}
,"C:\\Users\\Nova\\Documents\\company\\src\\theme\\theme.jsx": {"path":"C:\\Users\\Nova\\Documents\\company\\src\\theme\\theme.jsx","statementMap":{"0":{"start":{"line":3,"column":14},"end":{"line":27,"column":2}}},"fnMap":{},"branchMap":{},"s":{"0":11},"f":{},"b":{},"_coverageSchema":"1a1c01bbd47fc00a2c39e90264f33305004495a9","hash":"9e0e27d7233d440c6415197c1312764db67e7fe9"}
}
