TN:
SF:src\components\GreetingsWrapper\index.jsx
FN:6,(anonymous_0)
FNF:1
FNH:1
FNDA:7,(anonymous_0)
DA:6,3
DA:8,7
DA:10,7
LF:3
LH:3
BRF:0
BRH:0
end_of_record
TN:
SF:src\components\GreetingsWrapper\style.js
FN:3,(anonymous_0)
FNF:1
FNH:1
FNDA:7,(anonymous_0)
DA:3,7
LF:1
LH:1
BRF:0
BRH:0
end_of_record
TN:
SF:src\components\LoginForm\index.jsx
FN:13,(anonymous_0)
FN:21,(anonymous_1)
FN:22,(anonymous_2)
FN:39,(anonymous_3)
FN:55,(anonymous_4)
FNF:5
FNH:3
FNDA:10,(anonymous_0)
FNDA:0,(anonymous_1)
FNDA:0,(anonymous_2)
FNDA:7,(anonymous_3)
FNDA:7,(anonymous_4)
DA:13,3
DA:14,10
DA:15,10
DA:17,7
DA:21,7
DA:22,0
DA:24,0
DA:25,0
DA:27,0
DA:31,7
DA:33,7
DA:40,7
DA:56,7
LF:13
LH:9
BRDA:14,0,0,10
BRDA:14,0,1,10
BRDA:22,1,0,0
BRDA:22,1,1,0
BRDA:24,2,0,0
BRDA:24,2,1,0
BRDA:46,3,0,0
BRDA:46,3,1,7
BRF:8
BRH:3
end_of_record
TN:
SF:src\components\LoginForm\schema.js
FNF:0
FNH:0
DA:3,3
LF:1
LH:1
BRF:0
BRH:0
end_of_record
TN:
SF:src\components\LoginForm\style.js
FNF:0
FNH:0
DA:3,3
LF:1
LH:1
BRF:0
BRH:0
end_of_record
TN:
SF:src\components\LoginWrapper\index.jsx
FN:5,(anonymous_0)
FNF:1
FNH:1
FNDA:7,(anonymous_0)
DA:5,2
DA:6,7
DA:8,5
LF:3
LH:3
BRF:0
BRH:0
end_of_record
TN:
SF:src\components\LoginWrapper\style.js
FN:3,(anonymous_0)
FNF:1
FNH:1
FNDA:5,(anonymous_0)
DA:3,5
LF:1
LH:1
BRF:0
BRH:0
end_of_record
TN:
SF:src\components\Navbar\Navbar.jsx
FN:5,(anonymous_0)
FNF:1
FNH:1
FNDA:4,(anonymous_0)
DA:5,2
DA:6,4
DA:8,4
LF:3
LH:3
BRF:0
BRH:0
end_of_record
TN:
SF:src\components\Navbar\style.js
FN:3,(anonymous_0)
FNF:1
FNH:1
FNDA:3,(anonymous_0)
DA:3,3
LF:1
LH:1
BRF:0
BRH:0
end_of_record
TN:
SF:src\components\PasswordField\PasswordField.jsx
FN:5,(anonymous_0)
FN:8,(anonymous_1)
FN:12,(anonymous_2)
FNF:3
FNH:3
FNDA:38,(anonymous_0)
FNDA:1,(anonymous_1)
FNDA:1,(anonymous_2)
DA:5,7
DA:6,38
DA:8,38
DA:9,1
DA:12,38
DA:13,1
DA:16,38
LF:7
LH:7
BRDA:5,0,0,3
BRDA:21,1,0,1
BRDA:21,1,1,37
BRDA:23,2,0,2
BRDA:23,2,1,36
BRDA:36,3,0,1
BRDA:36,3,1,37
BRF:7
BRH:7
end_of_record
TN:
SF:src\components\Post\index.jsx
FN:5,(anonymous_0)
FNF:1
FNH:1
FNDA:6,(anonymous_0)
DA:5,2
DA:7,6
DA:9,6
LF:3
LH:3
BRF:0
BRH:0
end_of_record
TN:
SF:src\components\Post\style.js
FN:3,(anonymous_0)
FNF:1
FNH:1
FNDA:5,(anonymous_0)
DA:3,5
LF:1
LH:1
BRF:0
BRH:0
end_of_record
TN:
SF:src\components\RegisterForm\index.jsx
FN:15,(anonymous_0)
FN:24,(anonymous_1)
FN:40,(anonymous_2)
FN:62,(anonymous_3)
FN:82,(anonymous_4)
FN:99,(anonymous_5)
FN:108,(anonymous_6)
FNF:7
FNH:6
FNDA:7,(anonymous_0)
FNDA:0,(anonymous_1)
FNDA:11,(anonymous_2)
FNDA:11,(anonymous_3)
FNDA:23,(anonymous_4)
FNDA:14,(anonymous_5)
FNDA:14,(anonymous_6)
DA:15,3
DA:16,7
DA:18,7
DA:20,7
DA:24,7
DA:27,0
DA:28,0
DA:30,0
DA:33,7
DA:41,11
DA:63,11
DA:83,23
DA:100,14
DA:109,14
LF:14
LH:11
BRDA:18,0,0,7
BRDA:18,0,1,7
BRDA:47,1,0,1
BRDA:47,1,1,10
BRDA:69,2,0,0
BRDA:69,2,1,11
BRDA:89,3,0,1
BRDA:89,3,1,22
BRF:8
BRH:7
end_of_record
TN:
SF:src\components\RegisterForm\schema.js
FNF:0
FNH:0
DA:3,3
LF:1
LH:1
BRF:0
BRH:0
end_of_record
TN:
SF:src\components\RegisterForm\style.js
FNF:0
FNH:0
DA:3,3
LF:1
LH:1
BRF:0
BRH:0
end_of_record
TN:
SF:src\components\RegisterWrapper\index.jsx
FN:10,(anonymous_0)
FN:16,(anonymous_1)
FN:20,(anonymous_2)
FNF:3
FNH:1
FNDA:5,(anonymous_0)
FNDA:0,(anonymous_1)
FNDA:0,(anonymous_2)
DA:10,2
DA:12,5
DA:13,3
DA:14,3
DA:16,3
DA:17,0
DA:20,3
DA:21,0
DA:24,3
LF:9
LH:7
BRDA:26,0,0,0
BRDA:26,0,1,3
BRDA:31,1,0,3
BRDA:31,1,1,0
BRDA:35,2,0,0
BRDA:35,2,1,3
BRF:6
BRH:3
end_of_record
TN:
SF:src\components\RegisterWrapper\style.js
FN:3,(anonymous_0)
FNF:1
FNH:1
FNDA:3,(anonymous_0)
DA:3,3
LF:1
LH:1
BRF:0
BRH:0
end_of_record
TN:
SF:src\pages\Home\index.jsx
FN:8,(anonymous_0)
FN:13,(anonymous_1)
FN:15,(anonymous_2)
FN:18,(anonymous_3)
FN:30,(anonymous_4)
FNF:5
FNH:4
FNDA:2,(anonymous_0)
FNDA:1,(anonymous_1)
FNDA:1,(anonymous_2)
FNDA:0,(anonymous_3)
FNDA:2,(anonymous_4)
DA:8,1
DA:9,2
DA:10,2
DA:11,2
DA:13,2
DA:14,1
DA:16,1
DA:19,0
DA:23,2
DA:24,2
DA:25,2
DA:31,2
LF:12
LH:11
BRF:0
BRH:0
end_of_record
TN:
SF:src\pages\Home\style.js
FN:3,(anonymous_0)
FNF:1
FNH:1
FNDA:1,(anonymous_0)
DA:3,1
LF:1
LH:1
BRF:0
BRH:0
end_of_record
TN:
SF:src\pages\Login\index.jsx
FN:8,Login
FNF:1
FNH:1
FNDA:3,Login
DA:10,3
DA:12,2
LF:2
LH:2
BRF:0
BRH:0
end_of_record
TN:
SF:src\pages\Login\style.js
FN:3,(anonymous_0)
FNF:1
FNH:1
FNDA:2,(anonymous_0)
DA:3,2
LF:1
LH:1
BRF:0
BRH:0
end_of_record
TN:
SF:src\pages\Register\index.jsx
FN:8,Register
FNF:1
FNH:1
FNDA:3,Register
DA:10,3
DA:12,2
LF:2
LH:2
BRF:0
BRH:0
end_of_record
TN:
SF:src\pages\Register\style.js
FN:3,(anonymous_0)
FNF:1
FNH:1
FNDA:2,(anonymous_0)
DA:3,2
LF:1
LH:1
BRF:0
BRH:0
end_of_record
TN:
SF:src\theme\theme.jsx
FNF:0
FNH:0
DA:3,11
LF:1
LH:1
BRF:0
BRH:0
end_of_record
